<?xml version="1.0" encoding="UTF-8"?>
<!-- Generated by org.testng.reporters.JUnitXMLReporter -->
<testsuite hostname="AnbeShivam" ignored="2" name="Sanity suite" tests="4" failures="1" timestamp="22 Apr 2019 18:03:54 GMT" time="180.319" errors="0">
  <testcase name="clickOnFlightIcon" time="0.084" classname="TestCasePackage.HomePageTest">
    <skipped/>
  </testcase> <!-- clickOnFlightIcon -->
  <testcase name="clickOnFlightIcon" time="0.008" classname="TestCasePackage.HomePageTest">
    <skipped/>
  </testcase> <!-- clickOnFlightIcon -->
  <testcase name="clickOnFlightIcon" time="0.004" classname="TestCasePackage.HomePageTest">
    <skipped/>
  </testcase> <!-- clickOnFlightIcon -->
  <testcase name="clickOnFlightIcon" time="0.0" classname="TestCasePackage.HomePageTest">
    <failure type="java.lang.NullPointerException">
      <![CDATA[java.lang.NullPointerException
at org.openqa.selenium.support.ui.Select.<init>(Select.java:45)
at UtilityPackage.ApplicationUtill.selectRadioButton(ApplicationUtill.java:30)
at PagePackage.HomePage.clickOnRoundTripRadioBtn(HomePage.java:38)
at TestCasePackage.HomePageTest.clickOnFlightIcon(HomePageTest.java:45)
... Removed 25 stack frames]]>
    </failure>
  </testcase> <!-- clickOnFlightIcon -->
  <testcase name="logoVerification" time="0.0" classname="TestCasePackage.HomePageTest">
    <ignored/>
  </testcase> <!-- logoVerification -->
  <testcase name="homeTitleVerification" time="0.0" classname="TestCasePackage.HomePageTest">
    <ignored/>
  </testcase> <!-- homeTitleVerification -->
</testsuite> <!-- Sanity suite -->
