<?xml version="1.0" encoding="UTF-8"?>
<!-- Generated by org.testng.reporters.JUnitXMLReporter -->
<testsuite hostname="AnbeShivam" ignored="0" name="Sanity suite" tests="3" failures="0" timestamp="24 Apr 2019 20:35:32 GMT" time="135.153" errors="0">
  <testcase name="endToEndCases" time="70.952" classname="TestCasePackage.HomePageTest"/>
  <testcase name="homeTitleVerification" time="0.008" classname="TestCasePackage.HomePageTest"/>
  <testcase name="logoVerification" time="0.14" classname="TestCasePackage.HomePageTest"/>
</testsuite> <!-- Sanity suite -->
